0 info it worked if it ends with ok
1 verbose cli [ 'C:\\Program Files\\nodejs\\node.exe',
1 verbose cli   'C:\\Program Files\\nodejs\\node_modules\\npm\\bin\\npm-cli.js',
1 verbose cli   'start' ]
2 info using npm@3.9.3
3 info using node@v4.4.3
4 verbose run-script [ 'prestart', 'start', 'poststart' ]
5 info lifecycle yourappName@1.0.0~prestart: yourappName@1.0.0
6 silly lifecycle yourappName@1.0.0~prestart: no script for prestart, continuing
7 info lifecycle yourappName@1.0.0~start: yourappName@1.0.0
8 verbose lifecycle yourappName@1.0.0~start: unsafe-perm in lifecycle true
9 verbose lifecycle yourappName@1.0.0~start: PATH: C:\Program Files\nodejs\node_modules\npm\bin\node-gyp-bin;D:\Arun\Projects\Automation\TestBuilder\InES6\node_modules\.bin;C:\Program Files\nodejs;D:\Program Files\ConEmu\ConEmu\Scripts;D:\Program Files\ConEmu;D:\Program Files\ConEmu\ConEmu;C:\ProgramData\Oracle\Java\javapath;C:\Program Files\BMC Software\CONTROL-M EM 6.4.01\Default\bin\;C:\Windows\system32;C:\Windows;C:\Windows\System32\Wbem;C:\Windows\System32\WindowsPowerShell\v1.0\;C:\Program Files\RSA Security\RSA SecurID Software Token\;C:\Program Files\Brackets\command;C:\Program Files\Microsoft SQL Server\120\Tools\Binn\;C:\Program Files\Windows Kits\8.1\Windows Performance Toolkit\;C:\Program Files\Microsoft SQL Server\110\Tools\Binn\;C:\Windows\System32\WindowsPowerShell\v1.0\;C:\Program Files\Microsoft SDKs\TypeScript\1.8;C:\Windows\system32\config\systemprofile\AppData\Roaming\npm;%NVM_HOME%;%NVM_SYMLINK%;C:\Program Files\nodejs\;C:\Program Files\Java\jdk1.7.0_99;D:\Arun\POC\jdepend-master\bin;D:\Arun\POC\apache-ant-1.9.6\BIN;d:\Program Files\Microsoft VS Code\bin;C:\mvn\apache-maven-3.3.9\bin;C:\Users\186234\AppData\Roaming\npm;C:\Users\186234\AppData\Roaming\nvm
10 verbose lifecycle yourappName@1.0.0~start: CWD: D:\Arun\Projects\Automation\TestBuilder\InES6
11 silly lifecycle yourappName@1.0.0~start: Args: [ '/d /s /c', 'node server' ]
12 silly lifecycle yourappName@1.0.0~start: Returned: code: 1  signal: null
13 info lifecycle yourappName@1.0.0~start: Failed to exec start script
14 verbose stack Error: yourappName@1.0.0 start: `node server`
14 verbose stack Exit status 1
14 verbose stack     at EventEmitter.<anonymous> (C:\Program Files\nodejs\node_modules\npm\lib\utils\lifecycle.js:245:16)
14 verbose stack     at emitTwo (events.js:87:13)
14 verbose stack     at EventEmitter.emit (events.js:172:7)
14 verbose stack     at ChildProcess.<anonymous> (C:\Program Files\nodejs\node_modules\npm\lib\utils\spawn.js:24:14)
14 verbose stack     at emitTwo (events.js:87:13)
14 verbose stack     at ChildProcess.emit (events.js:172:7)
14 verbose stack     at maybeClose (internal/child_process.js:827:16)
14 verbose stack     at Process.ChildProcess._handle.onexit (internal/child_process.js:211:5)
15 verbose pkgid yourappName@1.0.0
16 verbose cwd D:\Arun\Projects\Automation\TestBuilder\InES6\Src
17 error Windows_NT 6.1.7601
18 error argv "C:\\Program Files\\nodejs\\node.exe" "C:\\Program Files\\nodejs\\node_modules\\npm\\bin\\npm-cli.js" "start"
19 error node v4.4.3
20 error npm  v3.9.3
21 error code ELIFECYCLE
22 error yourappName@1.0.0 start: `node server`
22 error Exit status 1
23 error Failed at the yourappName@1.0.0 start script 'node server'.
23 error Make sure you have the latest version of node.js and npm installed.
23 error If you do, this is most likely a problem with the yourappName package,
23 error not with npm itself.
23 error Tell the author that this fails on your system:
23 error     node server
23 error You can get information on how to open an issue for this project with:
23 error     npm bugs yourappName
23 error Or if that isn't available, you can get their info via:
23 error     npm owner ls yourappName
23 error There is likely additional logging output above.
24 verbose exit [ 1, true ]
